<?xml version="1.0" encoding="UTF-8"?>
<!-- Generated by org.testng.reporters.JUnitXMLReporter -->
<testsuite ignored="0" hostname="DESKTOP-TSTIVH9" failures="0" tests="3" name="Default test" time="32.259" errors="0" timestamp="2024-11-16T23:09:30 IST">
  <testcase classname="packagenew.TestExtent" name="methodOne" time="27.971"/>
  <testcase classname="packagenew.TestExtent" name="methodTwo" time="1.333"/>
  <testcase classname="packagenew.TestExtent" name="methodThree" time="1.225"/>
</testsuite> <!-- Default test -->
