<?xml version="1.0" encoding="UTF-8"?>
<testng-results ignored="0" total="3" passed="3" failed="0" skipped="0">
  <reporter-output>
  </reporter-output>
  <suite started-at="2024-11-16T23:08:58 IST" name="Default suite" finished-at="2024-11-16T23:09:30 IST" duration-ms="32259">
    <groups>
    </groups>
    <test started-at="2024-11-16T23:08:58 IST" name="Default test" finished-at="2024-11-16T23:09:30 IST" duration-ms="32259">
      <class name="packagenew.TestExtent">
        <test-method is-config="true" signature="openBrowser()[pri:0, instance:packagenew.TestExtent@6069db50]" started-at="2024-11-16T23:08:58 IST" name="openBrowser" finished-at="2024-11-16T23:08:59 IST" duration-ms="1379" status="PASS">
          <reporter-output>
          </reporter-output>
        </test-method> <!-- openBrowser -->
        <test-method signature="methodOne()[pri:1, instance:packagenew.TestExtent@6069db50]" started-at="2024-11-16T23:08:59 IST" name="methodOne" finished-at="2024-11-16T23:09:27 IST" duration-ms="27971" status="PASS">
          <reporter-output>
          </reporter-output>
        </test-method> <!-- methodOne -->
        <test-method signature="methodTwo()[pri:2, instance:packagenew.TestExtent@6069db50]" started-at="2024-11-16T23:09:27 IST" name="methodTwo" finished-at="2024-11-16T23:09:28 IST" duration-ms="1333" status="PASS">
          <reporter-output>
          </reporter-output>
        </test-method> <!-- methodTwo -->
        <test-method signature="methodThree()[pri:3, instance:packagenew.TestExtent@6069db50]" started-at="2024-11-16T23:09:28 IST" name="methodThree" finished-at="2024-11-16T23:09:29 IST" duration-ms="1225" status="PASS">
          <reporter-output>
          </reporter-output>
        </test-method> <!-- methodThree -->
        <test-method is-config="true" signature="closeBrowser()[pri:0, instance:packagenew.TestExtent@6069db50]" started-at="2024-11-16T23:09:29 IST" name="closeBrowser" finished-at="2024-11-16T23:09:30 IST" duration-ms="323" status="PASS">
          <reporter-output>
          </reporter-output>
        </test-method> <!-- closeBrowser -->
      </class> <!-- packagenew.TestExtent -->
    </test> <!-- Default test -->
  </suite> <!-- Default suite -->
</testng-results>
